2023-11-15 16:59:14,297 [restartedMain] INFO  com.smruti.BookApplication                         - Starting BookApplication using Java 1.8.0_202 on Smruti with PID 29784 (C:\Users\Smruti Nibedita\Documents\workspace-spring-tool-suite-4-4.18.1.RELEASE\BOOK_APPLICATION\target\classes started by Smruti Nibedita in C:\Users\Smruti Nibedita\Documents\workspace-spring-tool-suite-4-4.18.1.RELEASE\BOOK_APPLICATION)
2023-11-15 16:59:14,302 [restartedMain] INFO  com.smruti.BookApplication                         - No active profile set, falling back to 1 default profile: "default"
2023-11-15 16:59:14,342 [restartedMain] INFO  o.s.b.d.e.DevToolsPropertyDefaultsPostProcessor    - Devtools property defaults active! Set 'spring.devtools.add-properties' to 'false' to disable
2023-11-15 16:59:14,342 [restartedMain] INFO  o.s.b.d.e.DevToolsPropertyDefaultsPostProcessor    - For additional web related logging consider setting the 'logging.level.web' property to 'DEBUG'
2023-11-15 16:59:14,927 [restartedMain] INFO  o.s.d.r.c.RepositoryConfigurationDelegate          - Bootstrapping Spring Data JPA repositories in DEFAULT mode.
2023-11-15 16:59:14,969 [restartedMain] INFO  o.s.d.r.c.RepositoryConfigurationDelegate          - Finished Spring Data repository scanning in 30 ms. Found 1 JPA repository interfaces.
2023-11-15 16:59:15,385 [restartedMain] INFO  o.s.b.w.embedded.tomcat.TomcatWebServer            - Tomcat initialized with port(s): 8080 (http)
2023-11-15 16:59:15,391 [restartedMain] INFO  o.apache.coyote.http11.Http11NioProtocol           - Initializing ProtocolHandler ["http-nio-8080"]
2023-11-15 16:59:15,393 [restartedMain] INFO  org.apache.catalina.core.StandardService           - Starting service [Tomcat]
2023-11-15 16:59:15,393 [restartedMain] INFO  org.apache.catalina.core.StandardEngine            - Starting Servlet engine: [Apache Tomcat/9.0.82]
2023-11-15 16:59:15,505 [restartedMain] INFO  o.a.c.c.C.[Tomcat].[localhost].[/]                 - Initializing Spring embedded WebApplicationContext
2023-11-15 16:59:15,505 [restartedMain] INFO  o.s.b.w.s.c.ServletWebServerApplicationContext     - Root WebApplicationContext: initialization completed in 1162 ms
2023-11-15 16:59:15,689 [restartedMain] INFO  o.hibernate.jpa.internal.util.LogHelper            - HHH000204: Processing PersistenceUnitInfo [name: default]
2023-11-15 16:59:15,735 [restartedMain] INFO  org.hibernate.Version                              - HHH000412: Hibernate ORM core version 5.6.15.Final
2023-11-15 16:59:15,841 [restartedMain] INFO  org.hibernate.annotations.common.Version           - HCANN000001: Hibernate Commons Annotations {5.1.2.Final}
2023-11-15 16:59:15,927 [restartedMain] INFO  com.zaxxer.hikari.HikariDataSource                 - HikariPool-1 - Starting...
2023-11-15 16:59:16,300 [restartedMain] INFO  com.zaxxer.hikari.HikariDataSource                 - HikariPool-1 - Start completed.
2023-11-15 16:59:16,327 [restartedMain] INFO  org.hibernate.dialect.Dialect                      - HHH000400: Using dialect: org.hibernate.dialect.MySQL8Dialect
2023-11-15 16:59:16,798 [restartedMain] INFO  o.h.e.t.j.p.i.JtaPlatformInitiator                 - HHH000490: Using JtaPlatform implementation: [org.hibernate.engine.transaction.jta.platform.internal.NoJtaPlatform]
2023-11-15 16:59:16,808 [restartedMain] INFO  o.s.o.j.LocalContainerEntityManagerFactoryBean     - Initialized JPA EntityManagerFactory for persistence unit 'default'
2023-11-15 16:59:17,138 [restartedMain] WARN  o.s.b.a.o.j.JpaBaseConfiguration$JpaWebConfiguration - spring.jpa.open-in-view is enabled by default. Therefore, database queries may be performed during view rendering. Explicitly configure spring.jpa.open-in-view to disable this warning
2023-11-15 16:59:17,420 [restartedMain] INFO  s.d.s.w.PropertySourcedRequestMappingHandlerMapping - Mapped URL path [/v2/api-docs] onto method [springfox.documentation.swagger2.web.Swagger2Controller#getDocumentation(String, HttpServletRequest)]
2023-11-15 16:59:17,505 [restartedMain] WARN  o.s.b.d.a.OptionalLiveReloadServer                 - Unable to start LiveReload server
2023-11-15 16:59:17,635 [restartedMain] INFO  o.apache.coyote.http11.Http11NioProtocol           - Starting ProtocolHandler ["http-nio-8080"]
2023-11-15 16:59:17,650 [restartedMain] INFO  o.s.b.w.embedded.tomcat.TomcatWebServer            - Tomcat started on port(s): 8080 (http) with context path ''
2023-11-15 16:59:17,651 [restartedMain] INFO  s.d.s.w.p.DocumentationPluginsBootstrapper         - Context refreshed
2023-11-15 16:59:17,682 [restartedMain] INFO  s.d.s.w.p.DocumentationPluginsBootstrapper         - Found 1 custom documentation plugin(s)
2023-11-15 16:59:17,706 [restartedMain] INFO  s.d.s.w.s.ApiListingReferenceScanner               - Scanning for api listing references
2023-11-15 16:59:17,851 [restartedMain] INFO  com.smruti.BookApplication                         - Started BookApplication in 3.853 seconds (JVM running for 4.533)
2023-11-15 17:00:13,683 [http-nio-8080-exec-1] INFO  o.a.c.c.C.[Tomcat].[localhost].[/]                 - Initializing Spring DispatcherServlet 'dispatcherServlet'
2023-11-15 17:00:13,683 [http-nio-8080-exec-1] INFO  o.s.web.servlet.DispatcherServlet                  - Initializing Servlet 'dispatcherServlet'
2023-11-15 17:00:13,686 [http-nio-8080-exec-1] INFO  o.s.web.servlet.DispatcherServlet                  - Completed initialization in 2 ms
2023-11-15 17:02:03,111 [RMI TCP Connection(6)-127.0.0.1] INFO  o.s.b.a.SpringApplicationAdminMXBeanRegistrar$SpringApplicationAdmin - Application shutdown requested.
2023-11-15 17:02:03,266 [RMI TCP Connection(6)-127.0.0.1] INFO  o.apache.coyote.http11.Http11NioProtocol           - Pausing ProtocolHandler ["http-nio-8080"]
2023-11-15 17:02:03,267 [RMI TCP Connection(6)-127.0.0.1] INFO  org.apache.catalina.core.StandardService           - Stopping service [Tomcat]
2023-11-15 17:02:03,269 [RMI TCP Connection(6)-127.0.0.1] INFO  o.a.c.c.C.[Tomcat].[localhost].[/]                 - Destroying Spring FrameworkServlet 'dispatcherServlet'
2023-11-15 17:02:03,274 [RMI TCP Connection(6)-127.0.0.1] INFO  o.apache.coyote.http11.Http11NioProtocol           - Stopping ProtocolHandler ["http-nio-8080"]
2023-11-15 17:02:03,276 [RMI TCP Connection(6)-127.0.0.1] INFO  o.apache.coyote.http11.Http11NioProtocol           - Destroying ProtocolHandler ["http-nio-8080"]
2023-11-15 17:02:03,280 [RMI TCP Connection(6)-127.0.0.1] INFO  o.s.o.j.LocalContainerEntityManagerFactoryBean     - Closing JPA EntityManagerFactory for persistence unit 'default'
2023-11-15 17:02:03,286 [RMI TCP Connection(6)-127.0.0.1] INFO  com.zaxxer.hikari.HikariDataSource                 - HikariPool-1 - Shutdown initiated...
2023-11-15 17:02:03,292 [RMI TCP Connection(6)-127.0.0.1] INFO  com.zaxxer.hikari.HikariDataSource                 - HikariPool-1 - Shutdown completed.
2023-11-15 17:05:54,912 [restartedMain] INFO  com.smruti.BookApplication                         - Starting BookApplication using Java 1.8.0_202 on Smruti with PID 28648 (C:\Users\Smruti Nibedita\Documents\workspace-spring-tool-suite-4-4.18.1.RELEASE\BOOK_APPLICATION\target\classes started by Smruti Nibedita in C:\Users\Smruti Nibedita\Documents\workspace-spring-tool-suite-4-4.18.1.RELEASE\BOOK_APPLICATION)
2023-11-15 17:05:54,913 [restartedMain] INFO  com.smruti.BookApplication                         - No active profile set, falling back to 1 default profile: "default"
2023-11-15 17:05:54,943 [restartedMain] INFO  o.s.b.d.e.DevToolsPropertyDefaultsPostProcessor    - Devtools property defaults active! Set 'spring.devtools.add-properties' to 'false' to disable
2023-11-15 17:05:54,943 [restartedMain] INFO  o.s.b.d.e.DevToolsPropertyDefaultsPostProcessor    - For additional web related logging consider setting the 'logging.level.web' property to 'DEBUG'
2023-11-15 17:05:55,415 [restartedMain] INFO  o.s.d.r.c.RepositoryConfigurationDelegate          - Bootstrapping Spring Data JPA repositories in DEFAULT mode.
2023-11-15 17:05:55,447 [restartedMain] INFO  o.s.d.r.c.RepositoryConfigurationDelegate          - Finished Spring Data repository scanning in 26 ms. Found 1 JPA repository interfaces.
2023-11-15 17:05:55,817 [restartedMain] INFO  o.s.b.w.embedded.tomcat.TomcatWebServer            - Tomcat initialized with port(s): 8080 (http)
2023-11-15 17:05:55,823 [restartedMain] INFO  o.apache.coyote.http11.Http11NioProtocol           - Initializing ProtocolHandler ["http-nio-8080"]
2023-11-15 17:05:55,825 [restartedMain] INFO  org.apache.catalina.core.StandardService           - Starting service [Tomcat]
2023-11-15 17:05:55,825 [restartedMain] INFO  org.apache.catalina.core.StandardEngine            - Starting Servlet engine: [Apache Tomcat/9.0.82]
2023-11-15 17:05:55,889 [restartedMain] INFO  o.a.c.c.C.[Tomcat].[localhost].[/]                 - Initializing Spring embedded WebApplicationContext
2023-11-15 17:05:55,889 [restartedMain] INFO  o.s.b.w.s.c.ServletWebServerApplicationContext     - Root WebApplicationContext: initialization completed in 946 ms
2023-11-15 17:05:56,034 [restartedMain] INFO  o.hibernate.jpa.internal.util.LogHelper            - HHH000204: Processing PersistenceUnitInfo [name: default]
2023-11-15 17:05:56,063 [restartedMain] INFO  org.hibernate.Version                              - HHH000412: Hibernate ORM core version 5.6.15.Final
2023-11-15 17:05:56,159 [restartedMain] INFO  org.hibernate.annotations.common.Version           - HCANN000001: Hibernate Commons Annotations {5.1.2.Final}
2023-11-15 17:05:56,221 [restartedMain] INFO  com.zaxxer.hikari.HikariDataSource                 - HikariPool-1 - Starting...
2023-11-15 17:05:56,531 [restartedMain] INFO  com.zaxxer.hikari.HikariDataSource                 - HikariPool-1 - Start completed.
2023-11-15 17:05:56,550 [restartedMain] INFO  org.hibernate.dialect.Dialect                      - HHH000400: Using dialect: org.hibernate.dialect.MySQL8Dialect
2023-11-15 17:05:56,923 [restartedMain] INFO  o.h.e.t.j.p.i.JtaPlatformInitiator                 - HHH000490: Using JtaPlatform implementation: [org.hibernate.engine.transaction.jta.platform.internal.NoJtaPlatform]
2023-11-15 17:05:56,930 [restartedMain] INFO  o.s.o.j.LocalContainerEntityManagerFactoryBean     - Initialized JPA EntityManagerFactory for persistence unit 'default'
2023-11-15 17:05:57,212 [restartedMain] WARN  o.s.b.a.o.j.JpaBaseConfiguration$JpaWebConfiguration - spring.jpa.open-in-view is enabled by default. Therefore, database queries may be performed during view rendering. Explicitly configure spring.jpa.open-in-view to disable this warning
2023-11-15 17:05:57,413 [restartedMain] INFO  s.d.s.w.PropertySourcedRequestMappingHandlerMapping - Mapped URL path [/v2/api-docs] onto method [springfox.documentation.swagger2.web.Swagger2Controller#getDocumentation(String, HttpServletRequest)]
2023-11-15 17:05:57,488 [restartedMain] INFO  o.s.b.d.a.OptionalLiveReloadServer                 - LiveReload server is running on port 35729
2023-11-15 17:05:57,580 [restartedMain] INFO  o.apache.coyote.http11.Http11NioProtocol           - Starting ProtocolHandler ["http-nio-8080"]
2023-11-15 17:05:57,592 [restartedMain] INFO  o.s.b.w.embedded.tomcat.TomcatWebServer            - Tomcat started on port(s): 8080 (http) with context path ''
2023-11-15 17:05:57,593 [restartedMain] INFO  s.d.s.w.p.DocumentationPluginsBootstrapper         - Context refreshed
2023-11-15 17:05:57,609 [restartedMain] INFO  s.d.s.w.p.DocumentationPluginsBootstrapper         - Found 1 custom documentation plugin(s)
2023-11-15 17:05:57,629 [restartedMain] INFO  s.d.s.w.s.ApiListingReferenceScanner               - Scanning for api listing references
2023-11-15 17:05:57,729 [restartedMain] INFO  com.smruti.BookApplication                         - Started BookApplication in 3.036 seconds (JVM running for 3.642)
2023-11-15 17:06:05,028 [http-nio-8080-exec-1] INFO  o.a.c.c.C.[Tomcat].[localhost].[/]                 - Initializing Spring DispatcherServlet 'dispatcherServlet'
2023-11-15 17:06:05,028 [http-nio-8080-exec-1] INFO  o.s.web.servlet.DispatcherServlet                  - Initializing Servlet 'dispatcherServlet'
2023-11-15 17:06:05,029 [http-nio-8080-exec-1] INFO  o.s.web.servlet.DispatcherServlet                  - Completed initialization in 1 ms
2023-11-15 17:06:55,698 [http-nio-8080-exec-2] INFO  com.smruti.rest.BookRestController                 - Getting the information of all the books
2023-11-15 17:37:53,345 [HikariPool-1 housekeeper] WARN  com.zaxxer.hikari.pool.HikariPool                  - HikariPool-1 - Thread starvation or clock leap detected (housekeeper delta=13m56s418ms914µs200ns).
2023-11-15 18:31:19,901 [http-nio-8080-exec-4] INFO  com.smruti.rest.BookRestController                 - Getting the information of all the books
2023-11-15 18:31:20,013 [http-nio-8080-exec-6] INFO  com.smruti.rest.BookRestController                 - The data is being entered
2023-11-15 18:31:20,043 [http-nio-8080-exec-6] INFO  com.smruti.rest.BookRestController                 - The data is saved successfully
2023-11-15 18:31:28,812 [RMI TCP Connection(74)-127.0.0.1] INFO  o.s.b.a.SpringApplicationAdminMXBeanRegistrar$SpringApplicationAdmin - Application shutdown requested.
2023-11-15 18:31:28,916 [RMI TCP Connection(74)-127.0.0.1] INFO  o.apache.coyote.http11.Http11NioProtocol           - Pausing ProtocolHandler ["http-nio-8080"]
2023-11-15 18:31:28,917 [RMI TCP Connection(74)-127.0.0.1] INFO  org.apache.catalina.core.StandardService           - Stopping service [Tomcat]
2023-11-15 18:31:28,918 [RMI TCP Connection(74)-127.0.0.1] INFO  o.a.c.c.C.[Tomcat].[localhost].[/]                 - Destroying Spring FrameworkServlet 'dispatcherServlet'
2023-11-15 18:31:28,920 [RMI TCP Connection(74)-127.0.0.1] INFO  o.apache.coyote.http11.Http11NioProtocol           - Stopping ProtocolHandler ["http-nio-8080"]
2023-11-15 18:31:28,922 [RMI TCP Connection(74)-127.0.0.1] INFO  o.apache.coyote.http11.Http11NioProtocol           - Destroying ProtocolHandler ["http-nio-8080"]
2023-11-15 18:31:28,924 [RMI TCP Connection(74)-127.0.0.1] INFO  o.s.o.j.LocalContainerEntityManagerFactoryBean     - Closing JPA EntityManagerFactory for persistence unit 'default'
2023-11-15 18:31:28,926 [RMI TCP Connection(74)-127.0.0.1] INFO  com.zaxxer.hikari.HikariDataSource                 - HikariPool-1 - Shutdown initiated...
2023-11-15 18:31:28,934 [RMI TCP Connection(74)-127.0.0.1] INFO  com.zaxxer.hikari.HikariDataSource                 - HikariPool-1 - Shutdown completed.
2023-11-15 18:38:53,481 [restartedMain] INFO  com.smruti.BookApplication                         - Starting BookApplication using Java 1.8.0_202 on Smruti with PID 10048 (C:\Users\Smruti Nibedita\Documents\workspace-spring-tool-suite-4-4.18.1.RELEASE\BOOK_APPLICATION\target\classes started by Smruti Nibedita in C:\Users\Smruti Nibedita\Documents\workspace-spring-tool-suite-4-4.18.1.RELEASE\BOOK_APPLICATION)
2023-11-15 18:38:53,483 [restartedMain] INFO  com.smruti.BookApplication                         - No active profile set, falling back to 1 default profile: "default"
2023-11-15 18:38:53,512 [restartedMain] INFO  o.s.b.d.e.DevToolsPropertyDefaultsPostProcessor    - Devtools property defaults active! Set 'spring.devtools.add-properties' to 'false' to disable
2023-11-15 18:38:53,513 [restartedMain] INFO  o.s.b.d.e.DevToolsPropertyDefaultsPostProcessor    - For additional web related logging consider setting the 'logging.level.web' property to 'DEBUG'
2023-11-15 18:38:54,021 [restartedMain] INFO  o.s.d.r.c.RepositoryConfigurationDelegate          - Bootstrapping Spring Data JPA repositories in DEFAULT mode.
2023-11-15 18:38:54,055 [restartedMain] INFO  o.s.d.r.c.RepositoryConfigurationDelegate          - Finished Spring Data repository scanning in 28 ms. Found 1 JPA repository interfaces.
2023-11-15 18:38:54,461 [restartedMain] INFO  o.s.b.w.embedded.tomcat.TomcatWebServer            - Tomcat initialized with port(s): 8080 (http)
2023-11-15 18:38:54,468 [restartedMain] INFO  o.apache.coyote.http11.Http11NioProtocol           - Initializing ProtocolHandler ["http-nio-8080"]
2023-11-15 18:38:54,469 [restartedMain] INFO  org.apache.catalina.core.StandardService           - Starting service [Tomcat]
2023-11-15 18:38:54,470 [restartedMain] INFO  org.apache.catalina.core.StandardEngine            - Starting Servlet engine: [Apache Tomcat/9.0.82]
2023-11-15 18:38:54,534 [restartedMain] INFO  o.a.c.c.C.[Tomcat].[localhost].[/]                 - Initializing Spring embedded WebApplicationContext
2023-11-15 18:38:54,534 [restartedMain] INFO  o.s.b.w.s.c.ServletWebServerApplicationContext     - Root WebApplicationContext: initialization completed in 1021 ms
2023-11-15 18:38:54,686 [restartedMain] INFO  o.hibernate.jpa.internal.util.LogHelper            - HHH000204: Processing PersistenceUnitInfo [name: default]
2023-11-15 18:38:54,716 [restartedMain] INFO  org.hibernate.Version                              - HHH000412: Hibernate ORM core version 5.6.15.Final
2023-11-15 18:38:54,824 [restartedMain] INFO  org.hibernate.annotations.common.Version           - HCANN000001: Hibernate Commons Annotations {5.1.2.Final}
2023-11-15 18:38:54,894 [restartedMain] INFO  com.zaxxer.hikari.HikariDataSource                 - HikariPool-1 - Starting...
2023-11-15 18:38:55,245 [restartedMain] INFO  com.zaxxer.hikari.HikariDataSource                 - HikariPool-1 - Start completed.
2023-11-15 18:38:55,267 [restartedMain] INFO  org.hibernate.dialect.Dialect                      - HHH000400: Using dialect: org.hibernate.dialect.MySQL8Dialect
2023-11-15 18:38:55,681 [restartedMain] INFO  o.h.e.t.j.p.i.JtaPlatformInitiator                 - HHH000490: Using JtaPlatform implementation: [org.hibernate.engine.transaction.jta.platform.internal.NoJtaPlatform]
2023-11-15 18:38:55,688 [restartedMain] INFO  o.s.o.j.LocalContainerEntityManagerFactoryBean     - Initialized JPA EntityManagerFactory for persistence unit 'default'
2023-11-15 18:38:55,999 [restartedMain] WARN  o.s.b.a.o.j.JpaBaseConfiguration$JpaWebConfiguration - spring.jpa.open-in-view is enabled by default. Therefore, database queries may be performed during view rendering. Explicitly configure spring.jpa.open-in-view to disable this warning
2023-11-15 18:38:56,214 [restartedMain] INFO  s.d.s.w.PropertySourcedRequestMappingHandlerMapping - Mapped URL path [/v2/api-docs] onto method [springfox.documentation.swagger2.web.Swagger2Controller#getDocumentation(String, HttpServletRequest)]
2023-11-15 18:38:56,300 [restartedMain] INFO  o.s.b.d.a.OptionalLiveReloadServer                 - LiveReload server is running on port 35729
2023-11-15 18:38:56,402 [restartedMain] INFO  o.apache.coyote.http11.Http11NioProtocol           - Starting ProtocolHandler ["http-nio-8080"]
2023-11-15 18:38:56,414 [restartedMain] INFO  o.s.b.w.embedded.tomcat.TomcatWebServer            - Tomcat started on port(s): 8080 (http) with context path ''
2023-11-15 18:38:56,415 [restartedMain] INFO  s.d.s.w.p.DocumentationPluginsBootstrapper         - Context refreshed
2023-11-15 18:38:56,431 [restartedMain] INFO  s.d.s.w.p.DocumentationPluginsBootstrapper         - Found 1 custom documentation plugin(s)
2023-11-15 18:38:56,454 [restartedMain] INFO  s.d.s.w.s.ApiListingReferenceScanner               - Scanning for api listing references
2023-11-15 18:38:56,557 [restartedMain] INFO  com.smruti.BookApplication                         - Started BookApplication in 3.3 seconds (JVM running for 3.918)
2023-11-15 18:39:04,483 [http-nio-8080-exec-1] INFO  o.a.c.c.C.[Tomcat].[localhost].[/]                 - Initializing Spring DispatcherServlet 'dispatcherServlet'
2023-11-15 18:39:04,483 [http-nio-8080-exec-1] INFO  o.s.web.servlet.DispatcherServlet                  - Initializing Servlet 'dispatcherServlet'
2023-11-15 18:39:04,484 [http-nio-8080-exec-1] INFO  o.s.web.servlet.DispatcherServlet                  - Completed initialization in 1 ms
2023-11-15 18:56:17,510 [http-nio-8080-exec-3] INFO  com.smruti.rest.BookRestController                 - The data is being entered
2023-11-15 18:56:17,554 [http-nio-8080-exec-3] INFO  com.smruti.rest.BookRestController                 - The data is saved successfully
2023-11-15 21:42:38,290 [HikariPool-1 housekeeper] WARN  com.zaxxer.hikari.pool.HikariPool                  - HikariPool-1 - Thread starvation or clock leap detected (housekeeper delta=2h26m46s671ms339µs200ns).
2023-11-15 22:03:34,781 [http-nio-8080-exec-2] INFO  com.smruti.rest.BookRestController                 - Getting the information of all the books
2023-11-15 22:05:31,431 [http-nio-8080-exec-8] INFO  com.smruti.rest.BookRestController                 - The data is being entered
2023-11-15 22:05:31,435 [http-nio-8080-exec-8] INFO  com.smruti.rest.BookRestController                 - The data is saved successfully
2023-11-15 22:05:46,931 [http-nio-8080-exec-10] INFO  com.smruti.rest.BookRestController                 - Getting the information of all the books
